<?xml version="1.0" encoding="UTF-8"?>
<!-- Generated by org.testng.reporters.JUnitReportReporter -->
<testsuite hostname="Swapnil" failures="0" tests="2" name="com.fdmgroup.testcases.SmokeTest" time="39.473" errors="0" timestamp="2024-02-05T14:05:22 EST" skipped="0">
  <testcase classname="com.fdmgroup.testcases.SmokeTest" name="LoginSmokeTest" time="15.796"/>
  <testcase classname="com.fdmgroup.testcases.SmokeTest" name="RegisterSmokeTest" time="23.677"/>
</testsuite> <!-- com.fdmgroup.testcases.SmokeTest -->
