<?xml version="1.0" encoding="UTF-8"?>
<!-- Generated by org.testng.reporters.JUnitReportReporter -->
<testsuite hostname="Swapnil" failures="0" tests="1" name="com.fdmgroup.testcases.RegisterTest" time="29.795" errors="0" timestamp="2024-02-12T15:07:04 EST" skipped="0">
  <testcase classname="com.fdmgroup.testcases.RegisterTest" name="RegisterUserTest" time="29.795"/>
  <system-out/>
</testsuite> <!-- com.fdmgroup.testcases.RegisterTest -->
