<?xml version="1.0" encoding="UTF-8"?>
<!-- Generated by org.testng.reporters.JUnitReportReporter -->
<testsuite hostname="Swapnil" failures="0" tests="1" name="com.fdmgroup.testcases.RegisterSmokeTest" time="3.895" errors="0" timestamp="2024-02-23T12:22:15 EST" skipped="0">
  <testcase classname="com.fdmgroup.testcases.RegisterSmokeTest" name="RegisterTest" time="3.895"/>
  <system-out/>
</testsuite> <!-- com.fdmgroup.testcases.RegisterSmokeTest -->
