<?xml version="1.0" encoding="UTF-8"?>
<!-- Generated by org.testng.reporters.JUnitReportReporter -->
<testsuite hostname="Swapnil" failures="0" tests="2" name="com.fdmgroup.testcases.SmokeTest" time="6.328" errors="0" timestamp="2024-02-12T14:49:05 EST" skipped="0">
  <testcase classname="com.fdmgroup.testcases.SmokeTest" name="LoginSmokeTest" time="3.426"/>
  <system-out/>
  <testcase classname="com.fdmgroup.testcases.SmokeTest" name="RegisterSmokeTest" time="2.902"/>
  <system-out/>
</testsuite> <!-- com.fdmgroup.testcases.SmokeTest -->
