<?xml version="1.0" encoding="UTF-8"?>
<!-- Generated by org.testng.reporters.JUnitReportReporter -->
<testsuite hostname="Swapnil" failures="0" tests="3" name="com.fdmgroup.testcases.RegisterTest" time="50.796" errors="0" timestamp="2024-02-06T15:03:56 EST" skipped="0">
  <testcase classname="com.fdmgroup.testcases.RegisterTest" name="RegisterSmokeTest" time="15.953"/>
  <system-out/>
  <testcase classname="com.fdmgroup.testcases.RegisterTest" name="LoginSmokeTest" time="11.054"/>
  <system-out/>
  <testcase classname="com.fdmgroup.testcases.RegisterTest" name="RegisterUserTest" time="23.789"/>
  <system-out/>
</testsuite> <!-- com.fdmgroup.testcases.RegisterTest -->
