<?xml version="1.0" encoding="UTF-8"?>
<!-- Generated by org.testng.reporters.JUnitReportReporter -->
<testsuite hostname="Swapnil" failures="0" tests="3" name="com.fdmgroup.testcases.RegisterTest" time="91.954" errors="0" timestamp="2024-02-05T15:08:51 EST" skipped="0">
  <testcase classname="com.fdmgroup.testcases.RegisterTest" name="LoginSmokeTest" time="16.931"/>
  <testcase classname="com.fdmgroup.testcases.RegisterTest" name="RegisterUserTest" time="40.612"/>
  <testcase classname="com.fdmgroup.testcases.RegisterTest" name="RegisterUserTest" time="34.411"/>
</testsuite> <!-- com.fdmgroup.testcases.RegisterTest -->
