<?xml version="1.0" encoding="UTF-8"?>
<!-- Generated by org.testng.reporters.JUnitReportReporter -->
<testsuite hostname="Swapnil" failures="0" tests="1" name="com.fdmgroup.testcases.RegisterSmokeTest" time="9.308" errors="0" timestamp="2024-02-13T16:47:38 EST" skipped="0">
  <testcase classname="com.fdmgroup.testcases.RegisterSmokeTest" name="RegisterTest" time="9.308"/>
  <system-out/>
</testsuite> <!-- com.fdmgroup.testcases.RegisterSmokeTest -->
