<?xml version="1.0" encoding="UTF-8"?>
<!-- Generated by org.testng.reporters.JUnitReportReporter -->
<testsuite hostname="Swapnil" failures="0" tests="3" name="com.fdmgroup.testcases.DummyTest" time="43.328" errors="0" timestamp="2024-02-06T15:41:16 EST" skipped="0">
  <testcase classname="com.fdmgroup.testcases.DummyTest" name="LoginTest" time="12.829"/>
  <system-out/>
  <testcase classname="com.fdmgroup.testcases.DummyTest" name="LoginTest" time="14.814"/>
  <system-out/>
  <testcase classname="com.fdmgroup.testcases.DummyTest" name="LoginTest" time="15.685"/>
  <system-out/>
</testsuite> <!-- com.fdmgroup.testcases.DummyTest -->
