<?xml version="1.0" encoding="UTF-8"?>
<!-- Generated by org.testng.reporters.JUnitReportReporter -->
<testsuite hostname="Swapnil" failures="0" tests="2" name="com.fdmgroup.testcases.SmokeTest" time="24.770" errors="0" timestamp="2024-02-06T15:03:56 EST" skipped="0">
  <testcase classname="com.fdmgroup.testcases.SmokeTest" name="LoginSmokeTest" time="11.042"/>
  <system-out/>
  <testcase classname="com.fdmgroup.testcases.SmokeTest" name="RegisterSmokeTest" time="13.728"/>
  <system-out/>
</testsuite> <!-- com.fdmgroup.testcases.SmokeTest -->
